<?xml version="1.0" encoding="UTF-8"?>
<testng-results skipped="0" failed="0" ignored="0" total="1" passed="1">
  <reporter-output>
  </reporter-output>
  <suite name="Suite" duration-ms="15168" started-at="2020-02-11T23:33:44Z" finished-at="2020-02-11T23:33:59Z">
    <groups>
    </groups>
    <test name="Test" duration-ms="15168" started-at="2020-02-11T23:33:44Z" finished-at="2020-02-11T23:33:59Z">
      <class name="Framework1.Fwk1.testScripts.loginTestScript">
        <test-method status="PASS" signature="setUp()[pri:0, instance:Framework1.Fwk1.testScripts.loginTestScript@17c386de]" name="setUp" is-config="true" duration-ms="10802" started-at="2020-02-11T23:33:44Z" finished-at="2020-02-11T23:33:55Z">
          <reporter-output>
          </reporter-output>
        </test-method> <!-- setUp -->
        <test-method status="PASS" signature="test()[pri:0, instance:Framework1.Fwk1.testScripts.loginTestScript@17c386de]" name="test" duration-ms="3614" started-at="2020-02-11T23:33:55Z" finished-at="2020-02-11T23:33:59Z">
          <reporter-output>
          </reporter-output>
        </test-method> <!-- test -->
        <test-method status="PASS" signature="tearDown()[pri:0, instance:Framework1.Fwk1.testScripts.loginTestScript@17c386de]" name="tearDown" is-config="true" duration-ms="709" started-at="2020-02-11T23:33:59Z" finished-at="2020-02-11T23:33:59Z">
          <reporter-output>
          </reporter-output>
        </test-method> <!-- tearDown -->
      </class> <!-- Framework1.Fwk1.testScripts.loginTestScript -->
    </test> <!-- Test -->
  </suite> <!-- Suite -->
</testng-results>
